c:\others\fcis work\assembly 2012\assembly\labs\lab2\add & sub\debug\project.ilk
c:\others\fcis work\assembly 2012\assembly\labs\lab2\add & sub\debug\project.exe
c:\others\fcis work\assembly 2012\assembly\labs\lab2\add & sub\debug\project.exe.intermediate.manifest
c:\others\fcis work\assembly 2012\assembly\labs\lab2\add & sub\debug\project.pdb
c:\others\fcis work\assembly 2012\assembly\labs\lab2\assembly lab 2 materials\irvine\project_template\debug\project.ilk
c:\others\fcis work\assembly 2012\assembly\labs\lab2\assembly lab 2 materials\irvine\project_template\debug\project.exe
c:\others\fcis work\assembly 2012\assembly\labs\lab2\assembly lab 2 materials\irvine\project_template\debug\project.exe.intermediate.manifest
c:\others\fcis work\assembly 2012\assembly\labs\lab2\assembly lab 2 materials\irvine\project_template\debug\project.pdb
c:\others\fcis work\assembly 2012\assembly\labs\lab 2\assembly lab 2 materials\irvine2\project_template\debug\project.ilk
c:\others\fcis work\assembly 2012\assembly\labs\lab 2\assembly lab 2 materials\irvine2\project_template\debug\project.exe
c:\others\fcis work\assembly 2012\assembly\labs\lab 2\assembly lab 2 materials\irvine2\project_template\debug\project.exe.intermediate.manifest
c:\others\fcis work\assembly 2012\assembly\labs\lab 2\assembly lab 2 materials\irvine2\project_template\debug\project.pdb
c:\users\mona sadik\dropbox\assembly language 2014\labs\irvine\irvine\project_template\debug\project.ilk
c:\users\mona sadik\dropbox\assembly language 2014\labs\irvine\irvine\project_template\debug\project.exe
c:\users\mona sadik\dropbox\assembly language 2014\labs\irvine\irvine\project_template\debug\project.exe.intermediate.manifest
c:\users\mona sadik\dropbox\assembly language 2014\labs\irvine\irvine\project_template\debug\project.pdb
c:\others\fcis work\assembly 2012\assembly\labs\lab2\add & sub\debug\main.obj
c:\others\fcis work\assembly 2012\assembly\labs\lab 2\assembly lab 2 materials\irvine2\project_template\debug\main.obj
c:\users\mona sadik\dropbox\assembly language 2014\labs\irvine\irvine\project_template\debug\main.obj
d:\dropbox\assembly language 2014\labs\irvine\irvine\project_template\debug\project.ilk
d:\dropbox\assembly language 2014\labs\irvine\irvine\project_template\debug\project.exe
d:\dropbox\assembly language 2014\labs\irvine\irvine\project_template\debug\project.pdb
d:\dropbox\assembly language 2014\labs\irvine\irvine\project_template\debug\main.obj
c:\users\ibrahim\desktop\project_template\debug\project.vcxprojresolveassemblyreference.cache
c:\users\ibrahim\desktop\project_template\debug\main (amr elsehemy's conflicted copy 2014-11-04).obj
c:\users\ibrahim\desktop\project_template\debug\project (amr elsehemy's conflicted copy 2014-11-04).ilk
c:\users\ibrahim\desktop\project_template\debug\link.command.1.tlog
c:\users\ibrahim\desktop\project_template\debug\link.read.1.tlog
c:\users\ibrahim\desktop\project_template\debug\link.write.1.tlog
c:\users\ibrahim\desktop\project_template\debug\mt.command.1.tlog
c:\users\ibrahim\desktop\project_template\debug\mt.read.1.tlog
c:\users\ibrahim\desktop\project_template\debug\mt.write.1.tlog
c:\users\ibrahim\desktop\project_template\debug\project.write.1.tlog
c:\users\ibrahim\desktop\project_template\debug\project.exe.intermediate.manifest
c:\users\ibrahim\desktop\project_template\debug\project (amr elsehemy's conflicted copy 2014-11-04).pdb
c:\users\ibrahim\desktop\project_template\debug\project.tlog\link.command.1.tlog
c:\users\ibrahim\desktop\project_template\debug\project.tlog\link.read.1.tlog
c:\users\ibrahim\desktop\project_template\debug\project.tlog\link.write.1.tlog
c:\users\ibrahim\desktop\project_template\debug\project.tlog\project.write.1u.tlog
